  Lab6_7HW.cpp
  Lab6_7HW.vcxproj -> C:\Users\mihai\Desktop\faculta\An I Sen II\OOP\OOP_Lab6_7HW\Lab6_7HW\x64\Debug\Lab6_7HW.exe
C:\Users\mihai\Desktop\faculta\An I Sen II\OOP\OOP_Lab6_7HW\Lab6_7HW\Produs.h(18): warning C26432: If you define or delete any default operation in the type 'class Produs', define or delete them all (c.21).
C:\Users\mihai\Desktop\faculta\An I Sen II\OOP\OOP_Lab6_7HW\Lab6_7HW\Produs.cpp(40): warning C26823: Dereferencing a possibly null pointer 'allotemp.1' (lifetime.1).
C:\Users\mihai\Desktop\faculta\An I Sen II\OOP\OOP_Lab6_7HW\Lab6_7HW\Produs.cpp(40): warning C26823: Dereferencing a possibly null pointer 'allotemp.2' (lifetime.1).
C:\Users\mihai\Desktop\faculta\An I Sen II\OOP\OOP_Lab6_7HW\Lab6_7HW\Produs.cpp(40): warning C26823: Dereferencing a possibly null pointer 'allotemp.3' (lifetime.1).
C:\Users\mihai\Desktop\faculta\An I Sen II\OOP\OOP_Lab6_7HW\Lab6_7HW\Produs.cpp(41): warning C26823: Dereferencing a possibly null pointer 'allotemp.4' (lifetime.1).
C:\Users\mihai\Desktop\faculta\An I Sen II\OOP\OOP_Lab6_7HW\Lab6_7HW\Produs.cpp(41): warning C26823: Dereferencing a possibly null pointer 'allotemp.5' (lifetime.1).
C:\Users\mihai\Desktop\faculta\An I Sen II\OOP\OOP_Lab6_7HW\Lab6_7HW\Produs.cpp(41): warning C26823: Dereferencing a possibly null pointer 'allotemp.6' (lifetime.1).
C:\Users\mihai\Desktop\faculta\An I Sen II\OOP\OOP_Lab6_7HW\Lab6_7HW\Produs.cpp(42): warning C26823: Dereferencing a possibly null pointer 'allotemp.7' (lifetime.1).
C:\Users\mihai\Desktop\faculta\An I Sen II\OOP\OOP_Lab6_7HW\Lab6_7HW\Produs.cpp(42): warning C26823: Dereferencing a possibly null pointer 'allotemp.8' (lifetime.1).
C:\Users\mihai\Desktop\faculta\An I Sen II\OOP\OOP_Lab6_7HW\Lab6_7HW\Produs.cpp(42): warning C26823: Dereferencing a possibly null pointer 'allotemp.9' (lifetime.1).
C:\Users\mihai\Desktop\faculta\An I Sen II\OOP\OOP_Lab6_7HW\Lab6_7HW\RepoProduse.cpp(15): warning C26823: Dereferencing a possibly null pointer 'allotemp.2' (lifetime.1).
C:\Users\mihai\Desktop\faculta\An I Sen II\OOP\OOP_Lab6_7HW\Lab6_7HW\RepoProduse.cpp(24): warning C26823: Dereferencing a possibly null pointer 'allotemp.2' (lifetime.1).
C:\Users\mihai\Desktop\faculta\An I Sen II\OOP\OOP_Lab6_7HW\Lab6_7HW\RepoProduse.cpp(26): warning C26823: Dereferencing a possibly null pointer 'allotemp.3' (lifetime.1).
C:\Users\mihai\Desktop\faculta\An I Sen II\OOP\OOP_Lab6_7HW\Lab6_7HW\RepoProduse.cpp(33): warning C26823: Dereferencing a possibly null pointer 'allotemp.2' (lifetime.1).
C:\Users\mihai\Desktop\faculta\An I Sen II\OOP\OOP_Lab6_7HW\Lab6_7HW\RepoProduse.cpp(33): warning C26823: Dereferencing a possibly null pointer 'allotemp.3' (lifetime.1).
C:\Users\mihai\Desktop\faculta\An I Sen II\OOP\OOP_Lab6_7HW\Lab6_7HW\RepoProduse.cpp(33): warning C26823: Dereferencing a possibly null pointer 'allotemp.4' (lifetime.1).
C:\Users\mihai\Desktop\faculta\An I Sen II\OOP\OOP_Lab6_7HW\Lab6_7HW\RepoProduse.cpp(45): warning C26823: Dereferencing a possibly null pointer 'produsCurent' (lifetime.1).
C:\Users\mihai\Desktop\faculta\An I Sen II\OOP\OOP_Lab6_7HW\Lab6_7HW\RepoProduse.cpp(48): warning C26823: Dereferencing a possibly null pointer 'allotemp.7' (lifetime.1).
C:\Users\mihai\Desktop\faculta\An I Sen II\OOP\OOP_Lab6_7HW\Lab6_7HW\RepoProduse.cpp(52): warning C26823: Dereferencing a possibly null pointer 'allotemp.2' (lifetime.1).
C:\Users\mihai\Desktop\faculta\An I Sen II\OOP\OOP_Lab6_7HW\Lab6_7HW\RepoProduse.cpp(52): warning C26823: Dereferencing a possibly null pointer 'allotemp.3' (lifetime.1).
C:\Users\mihai\Desktop\faculta\An I Sen II\OOP\OOP_Lab6_7HW\Lab6_7HW\RepoProduse.cpp(52): warning C26823: Dereferencing a possibly null pointer 'allotemp.4' (lifetime.1).
C:\Users\mihai\Desktop\faculta\An I Sen II\OOP\OOP_Lab6_7HW\Lab6_7HW\RepoProduse.cpp(55): warning C26823: Dereferencing a possibly null pointer 'produs' (lifetime.1).
C:\Users\mihai\Desktop\faculta\An I Sen II\OOP\OOP_Lab6_7HW\Lab6_7HW\RepoProduse.cpp(60): warning C26823: Dereferencing a possibly null pointer 'allotemp.11' (lifetime.1).
C:\Users\mihai\Desktop\faculta\An I Sen II\OOP\OOP_Lab6_7HW\Lab6_7HW\RepoProduse.cpp(67): warning C26823: Dereferencing a possibly null pointer 'produsCurent' (lifetime.1).
C:\Users\mihai\Desktop\faculta\An I Sen II\OOP\OOP_Lab6_7HW\Lab6_7HW\RepoProduse.cpp(73): warning C26823: Dereferencing a possibly null pointer 'allotemp.3' (lifetime.1).
C:\Users\mihai\Desktop\faculta\An I Sen II\OOP\OOP_Lab6_7HW\Lab6_7HW\RepoProduse.cpp(91): warning C26446: Prefer to use gsl::at() instead of unchecked subscript operator (bounds.4).
C:\Users\mihai\Desktop\faculta\An I Sen II\OOP\OOP_Lab6_7HW\Lab6_7HW\RepoProduse.cpp(91): warning C26458: Prefer to use gsl::at() instead of unchecked subscript operator (bounds.4).
C:\Users\mihai\Desktop\faculta\An I Sen II\OOP\OOP_Lab6_7HW\Lab6_7HW\RepoProduse.cpp(85): warning C26823: Dereferencing a possibly null pointer 'allotemp.2' (lifetime.1).
C:\Users\mihai\Desktop\faculta\An I Sen II\OOP\OOP_Lab6_7HW\Lab6_7HW\RepoProduse.cpp(89): warning C26823: Dereferencing a possibly null pointer 'allotemp.4' (lifetime.1).
C:\Users\mihai\Desktop\faculta\An I Sen II\OOP\OOP_Lab6_7HW\Lab6_7HW\RepoProduse.cpp(129): warning C26446: Prefer to use gsl::at() instead of unchecked subscript operator (bounds.4).
C:\Users\mihai\Desktop\faculta\An I Sen II\OOP\OOP_Lab6_7HW\Lab6_7HW\RepoProduse.cpp(176): warning C26446: Prefer to use gsl::at() instead of unchecked subscript operator (bounds.4).
C:\Users\mihai\Desktop\faculta\An I Sen II\OOP\OOP_Lab6_7HW\Lab6_7HW\RepoProduse.cpp(129): warning C26458: Prefer to use gsl::at() instead of unchecked subscript operator (bounds.4).
C:\Users\mihai\Desktop\faculta\An I Sen II\OOP\OOP_Lab6_7HW\Lab6_7HW\RepoProduse.cpp(176): warning C26458: Prefer to use gsl::at() instead of unchecked subscript operator (bounds.4).
C:\Users\mihai\Desktop\faculta\An I Sen II\OOP\OOP_Lab6_7HW\Lab6_7HW\RepoProduse.cpp(103): warning C26823: Dereferencing a possibly null pointer 'allotemp.1' (lifetime.1).
C:\Users\mihai\Desktop\faculta\An I Sen II\OOP\OOP_Lab6_7HW\Lab6_7HW\RepoProduse.cpp(103): warning C26823: Dereferencing a possibly null pointer 'allotemp.2' (lifetime.1).
C:\Users\mihai\Desktop\faculta\An I Sen II\OOP\OOP_Lab6_7HW\Lab6_7HW\RepoProduse.cpp(103): warning C26823: Dereferencing a possibly null pointer 'allotemp.3' (lifetime.1).
C:\Users\mihai\Desktop\faculta\An I Sen II\OOP\OOP_Lab6_7HW\Lab6_7HW\RepoProduse.cpp(104): warning C26823: Dereferencing a possibly null pointer 'allotemp.4' (lifetime.1).
C:\Users\mihai\Desktop\faculta\An I Sen II\OOP\OOP_Lab6_7HW\Lab6_7HW\RepoProduse.cpp(104): warning C26823: Dereferencing a possibly null pointer 'allotemp.5' (lifetime.1).
C:\Users\mihai\Desktop\faculta\An I Sen II\OOP\OOP_Lab6_7HW\Lab6_7HW\RepoProduse.cpp(104): warning C26823: Dereferencing a possibly null pointer 'allotemp.6' (lifetime.1).
C:\Users\mihai\Desktop\faculta\An I Sen II\OOP\OOP_Lab6_7HW\Lab6_7HW\RepoProduse.cpp(105): warning C26823: Dereferencing a possibly null pointer 'allotemp.7' (lifetime.1).
C:\Users\mihai\Desktop\faculta\An I Sen II\OOP\OOP_Lab6_7HW\Lab6_7HW\RepoProduse.cpp(105): warning C26823: Dereferencing a possibly null pointer 'allotemp.8' (lifetime.1).
C:\Users\mihai\Desktop\faculta\An I Sen II\OOP\OOP_Lab6_7HW\Lab6_7HW\RepoProduse.cpp(105): warning C26823: Dereferencing a possibly null pointer 'allotemp.9' (lifetime.1).
C:\Users\mihai\Desktop\faculta\An I Sen II\OOP\OOP_Lab6_7HW\Lab6_7HW\RepoProduse.cpp(106): warning C26823: Dereferencing a possibly null pointer 'allotemp.10' (lifetime.1).
C:\Users\mihai\Desktop\faculta\An I Sen II\OOP\OOP_Lab6_7HW\Lab6_7HW\RepoProduse.cpp(106): warning C26823: Dereferencing a possibly null pointer 'allotemp.11' (lifetime.1).
C:\Users\mihai\Desktop\faculta\An I Sen II\OOP\OOP_Lab6_7HW\Lab6_7HW\RepoProduse.cpp(106): warning C26823: Dereferencing a possibly null pointer 'allotemp.12' (lifetime.1).
C:\Users\mihai\Desktop\faculta\An I Sen II\OOP\OOP_Lab6_7HW\Lab6_7HW\RepoProduse.cpp(111): warning C26823: Dereferencing a possibly null pointer 'allotemp.13' (lifetime.1).
C:\Users\mihai\Desktop\faculta\An I Sen II\OOP\OOP_Lab6_7HW\Lab6_7HW\RepoProduse.cpp(141): warning C26823: Dereferencing a possibly null pointer 'allotemp.16' (lifetime.1).
C:\Users\mihai\Desktop\faculta\An I Sen II\OOP\OOP_Lab6_7HW\Lab6_7HW\RepoProduse.cpp(142): warning C26823: Dereferencing a possibly null pointer 'allotemp.19' (lifetime.1).
C:\Users\mihai\Desktop\faculta\An I Sen II\OOP\OOP_Lab6_7HW\Lab6_7HW\ServiceProduse.cpp(9): warning C26823: Dereferencing a possibly null pointer 'allotemp.1' (lifetime.1).
C:\Users\mihai\Desktop\faculta\An I Sen II\OOP\OOP_Lab6_7HW\Lab6_7HW\ServiceProduse.cpp(9): warning C26823: Dereferencing a possibly null pointer 'allotemp.2' (lifetime.1).
C:\Users\mihai\Desktop\faculta\An I Sen II\OOP\OOP_Lab6_7HW\Lab6_7HW\ServiceProduse.cpp(9): warning C26823: Dereferencing a possibly null pointer 'allotemp.3' (lifetime.1).
C:\Users\mihai\Desktop\faculta\An I Sen II\OOP\OOP_Lab6_7HW\Lab6_7HW\ServiceProduse.cpp(15): warning C26823: Dereferencing a possibly null pointer 'allotemp.1' (lifetime.1).
C:\Users\mihai\Desktop\faculta\An I Sen II\OOP\OOP_Lab6_7HW\Lab6_7HW\ServiceProduse.cpp(15): warning C26823: Dereferencing a possibly null pointer 'allotemp.2' (lifetime.1).
C:\Users\mihai\Desktop\faculta\An I Sen II\OOP\OOP_Lab6_7HW\Lab6_7HW\ServiceProduse.cpp(15): warning C26823: Dereferencing a possibly null pointer 'allotemp.3' (lifetime.1).
C:\Users\mihai\Desktop\faculta\An I Sen II\OOP\OOP_Lab6_7HW\Lab6_7HW\ServiceProduse.cpp(21): warning C26823: Dereferencing a possibly null pointer 'allotemp.1' (lifetime.1).
C:\Users\mihai\Desktop\faculta\An I Sen II\OOP\OOP_Lab6_7HW\Lab6_7HW\ServiceProduse.cpp(21): warning C26823: Dereferencing a possibly null pointer 'allotemp.2' (lifetime.1).
C:\Users\mihai\Desktop\faculta\An I Sen II\OOP\OOP_Lab6_7HW\Lab6_7HW\ServiceProduse.cpp(21): warning C26823: Dereferencing a possibly null pointer 'allotemp.3' (lifetime.1).
C:\Users\mihai\Desktop\faculta\An I Sen II\OOP\OOP_Lab6_7HW\Lab6_7HW\ServiceProduse.cpp(22): warning C26823: Dereferencing a possibly null pointer 'allotemp.4' (lifetime.1).
C:\Users\mihai\Desktop\faculta\An I Sen II\OOP\OOP_Lab6_7HW\Lab6_7HW\ServiceProduse.cpp(22): warning C26823: Dereferencing a possibly null pointer 'allotemp.5' (lifetime.1).
C:\Users\mihai\Desktop\faculta\An I Sen II\OOP\OOP_Lab6_7HW\Lab6_7HW\ServiceProduse.cpp(22): warning C26823: Dereferencing a possibly null pointer 'allotemp.6' (lifetime.1).
C:\Users\mihai\Desktop\faculta\An I Sen II\OOP\OOP_Lab6_7HW\Lab6_7HW\ServiceProduse.cpp(28): warning C26823: Dereferencing a possibly null pointer 'allotemp.2' (lifetime.1).
C:\Users\mihai\Desktop\faculta\An I Sen II\OOP\OOP_Lab6_7HW\Lab6_7HW\ServiceProduse.cpp(28): warning C26823: Dereferencing a possibly null pointer 'allotemp.3' (lifetime.1).
C:\Users\mihai\Desktop\faculta\An I Sen II\OOP\OOP_Lab6_7HW\Lab6_7HW\ServiceProduse.cpp(46): warning C26446: Prefer to use gsl::at() instead of unchecked subscript operator (bounds.4).
C:\Users\mihai\Desktop\faculta\An I Sen II\OOP\OOP_Lab6_7HW\Lab6_7HW\ServiceProduse.cpp(46): warning C26458: Prefer to use gsl::at() instead of unchecked subscript operator (bounds.4).
C:\Users\mihai\Desktop\faculta\An I Sen II\OOP\OOP_Lab6_7HW\Lab6_7HW\ServiceProduse.cpp(33): warning C26823: Dereferencing a possibly null pointer 'allotemp.1' (lifetime.1).
C:\Users\mihai\Desktop\faculta\An I Sen II\OOP\OOP_Lab6_7HW\Lab6_7HW\ServiceProduse.cpp(33): warning C26823: Dereferencing a possibly null pointer 'allotemp.2' (lifetime.1).
C:\Users\mihai\Desktop\faculta\An I Sen II\OOP\OOP_Lab6_7HW\Lab6_7HW\ServiceProduse.cpp(33): warning C26823: Dereferencing a possibly null pointer 'allotemp.3' (lifetime.1).
C:\Users\mihai\Desktop\faculta\An I Sen II\OOP\OOP_Lab6_7HW\Lab6_7HW\ServiceProduse.cpp(34): warning C26823: Dereferencing a possibly null pointer 'allotemp.4' (lifetime.1).
C:\Users\mihai\Desktop\faculta\An I Sen II\OOP\OOP_Lab6_7HW\Lab6_7HW\ServiceProduse.cpp(34): warning C26823: Dereferencing a possibly null pointer 'allotemp.5' (lifetime.1).
C:\Users\mihai\Desktop\faculta\An I Sen II\OOP\OOP_Lab6_7HW\Lab6_7HW\ServiceProduse.cpp(34): warning C26823: Dereferencing a possibly null pointer 'allotemp.6' (lifetime.1).
C:\Users\mihai\Desktop\faculta\An I Sen II\OOP\OOP_Lab6_7HW\Lab6_7HW\ServiceProduse.cpp(35): warning C26823: Dereferencing a possibly null pointer 'allotemp.7' (lifetime.1).
C:\Users\mihai\Desktop\faculta\An I Sen II\OOP\OOP_Lab6_7HW\Lab6_7HW\ServiceProduse.cpp(35): warning C26823: Dereferencing a possibly null pointer 'allotemp.8' (lifetime.1).
C:\Users\mihai\Desktop\faculta\An I Sen II\OOP\OOP_Lab6_7HW\Lab6_7HW\ServiceProduse.cpp(35): warning C26823: Dereferencing a possibly null pointer 'allotemp.9' (lifetime.1).
C:\Users\mihai\Desktop\faculta\An I Sen II\OOP\OOP_Lab6_7HW\Lab6_7HW\ui.cpp(94): warning C26823: Dereferencing a possibly null pointer 'produs' (lifetime.1).
C:\Users\mihai\Desktop\faculta\An I Sen II\OOP\OOP_Lab6_7HW\Lab6_7HW\ui.cpp(120): warning C26823: Dereferencing a possibly null pointer '(this->UI::service)' (lifetime.1).
